<?xml version="1.0" encoding="UTF-8"?>
<!-- Generated by org.testng.reporters.JUnitReportReporter -->
<testsuite hostname="LAPTOP-17L40P5G" failures="0" tests="1" name="TestNg.LoginValidation" time="21.755" errors="0" timestamp="2022-10-29T07:29:11 IST" skipped="0">
  <testcase classname="TestNg.LoginValidation" name="Login" time="21.755"/>
  <system-out/>
</testsuite> <!-- TestNg.LoginValidation -->
